Generated at 2012-11-06 21:29:55 +0000
Chef::Exceptions::FileNotFound: cookbook_file[/etc/nginx/sites-available/default] (op::default line 36) had an error: cookbook op does not contain file files/default
/var/lib/gems/1.9.1/gems/chef-0.10.0/lib/chef/cookbook_version.rb:633:in `preferred_manifest_record'
/var/lib/gems/1.9.1/gems/chef-0.10.0/lib/chef/cookbook_version.rb:638:in `preferred_filename_on_disk_location'
/var/lib/gems/1.9.1/gems/chef-0.10.0/lib/chef/provider/cookbook_file.rb:64:in `file_cache_location'
/var/lib/gems/1.9.1/gems/chef-0.10.0/lib/chef/provider/cookbook_file.rb:36:in `action_create'
/var/lib/gems/1.9.1/gems/chef-0.10.0/lib/chef/resource.rb:417:in `run_action'
/var/lib/gems/1.9.1/gems/chef-0.10.0/lib/chef/runner.rb:45:in `run_action'
/var/lib/gems/1.9.1/gems/chef-0.10.0/lib/chef/runner.rb:78:in `block (2 levels) in converge'
/var/lib/gems/1.9.1/gems/chef-0.10.0/lib/chef/runner.rb:78:in `each'
/var/lib/gems/1.9.1/gems/chef-0.10.0/lib/chef/runner.rb:78:in `block in converge'
/var/lib/gems/1.9.1/gems/chef-0.10.0/lib/chef/resource_collection.rb:94:in `block in execute_each_resource'
/var/lib/gems/1.9.1/gems/chef-0.10.0/lib/chef/resource_collection/stepable_iterator.rb:116:in `call'
/var/lib/gems/1.9.1/gems/chef-0.10.0/lib/chef/resource_collection/stepable_iterator.rb:116:in `call_iterator_block'
/var/lib/gems/1.9.1/gems/chef-0.10.0/lib/chef/resource_collection/stepable_iterator.rb:85:in `step'
/var/lib/gems/1.9.1/gems/chef-0.10.0/lib/chef/resource_collection/stepable_iterator.rb:104:in `iterate'
/var/lib/gems/1.9.1/gems/chef-0.10.0/lib/chef/resource_collection/stepable_iterator.rb:55:in `each_with_index'
/var/lib/gems/1.9.1/gems/chef-0.10.0/lib/chef/resource_collection.rb:92:in `execute_each_resource'
/var/lib/gems/1.9.1/gems/chef-0.10.0/lib/chef/runner.rb:76:in `converge'
/var/lib/gems/1.9.1/gems/chef-0.10.0/lib/chef/client.rb:312:in `converge'
/var/lib/gems/1.9.1/gems/chef-0.10.0/lib/chef/client.rb:160:in `run'
/var/lib/gems/1.9.1/gems/chef-0.10.0/lib/chef/application/solo.rb:192:in `block in run_application'
/var/lib/gems/1.9.1/gems/chef-0.10.0/lib/chef/application/solo.rb:183:in `loop'
/var/lib/gems/1.9.1/gems/chef-0.10.0/lib/chef/application/solo.rb:183:in `run_application'
/var/lib/gems/1.9.1/gems/chef-0.10.0/lib/chef/application.rb:66:in `run'
/var/lib/gems/1.9.1/gems/chef-0.10.0/bin/chef-solo:25:in `<main>'